TN:
SF:backend/app.js
FN:27,(anonymous_0)
FN:31,(anonymous_1)
FNF:2
FNH:1
FNDA:0,(anonymous_0)
FNDA:1,(anonymous_1)
DA:10,1
DA:12,1
DA:15,1
DA:16,1
DA:17,1
DA:20,1
DA:23,1
DA:24,0
DA:25,0
DA:27,0
DA:28,0
DA:31,1
DA:32,1
DA:37,1
DA:38,1
LF:15
LH:11
BRDA:23,0,0,0
BRDA:23,0,1,1
BRF:2
BRH:1
end_of_record
TN:
SF:backend/config/db.js
FN:3,(anonymous_0)
FNF:1
FNH:0
FNDA:0,(anonymous_0)
DA:3,1
DA:4,0
DA:6,0
DA:11,0
DA:13,0
DA:14,0
LF:6
LH:1
BRF:0
BRH:0
end_of_record
TN:
SF:backend/controllers/userController.js
FN:8,(anonymous_0)
FN:30,(anonymous_1)
FN:63,(anonymous_2)
FN:74,(anonymous_3)
FN:92,(anonymous_4)
FNF:5
FNH:0
FNDA:0,(anonymous_0)
FNDA:0,(anonymous_1)
FNDA:0,(anonymous_2)
FNDA:0,(anonymous_3)
FNDA:0,(anonymous_4)
DA:8,1
DA:9,0
DA:11,0
DA:13,0
DA:14,0
DA:16,0
DA:22,0
DA:23,0
DA:30,1
DA:31,0
DA:33,0
DA:35,0
DA:36,0
DA:37,0
DA:40,0
DA:46,0
DA:47,0
DA:49,0
DA:55,0
DA:56,0
DA:63,1
DA:64,0
DA:68,0
DA:74,1
DA:75,0
DA:77,0
DA:78,0
DA:84,0
DA:85,0
DA:92,1
DA:93,0
DA:95,0
DA:96,0
DA:97,0
DA:99,0
DA:100,0
DA:103,0
DA:105,0
DA:111,0
DA:112,0
LF:40
LH:5
BRDA:13,0,0,0
BRDA:13,0,1,0
BRDA:13,1,0,0
BRDA:13,1,1,0
BRDA:35,2,0,0
BRDA:35,2,1,0
BRDA:46,3,0,0
BRDA:46,3,1,0
BRDA:77,4,0,0
BRDA:77,4,1,0
BRDA:95,5,0,0
BRDA:95,5,1,0
BRDA:96,6,0,0
BRDA:96,6,1,0
BRDA:97,7,0,0
BRDA:97,7,1,0
BRDA:99,8,0,0
BRDA:99,8,1,0
BRF:18
BRH:0
end_of_record
TN:
SF:backend/middleware/authMiddleware.js
FN:5,(anonymous_0)
FNF:1
FNH:0
FNDA:0,(anonymous_0)
DA:5,1
DA:8,0
DA:10,0
DA:11,0
DA:12,0
DA:14,0
DA:16,0
DA:18,0
DA:19,0
DA:20,0
DA:23,0
DA:24,0
LF:12
LH:1
BRDA:10,0,0,0
BRDA:10,0,1,0
BRF:2
BRH:0
end_of_record
TN:
SF:backend/middleware/errorMiddleware.js
FN:1,(anonymous_0)
FN:7,(anonymous_1)
FNF:2
FNH:0
FNDA:0,(anonymous_0)
FNDA:0,(anonymous_1)
DA:1,1
DA:2,0
DA:3,0
DA:4,0
DA:7,1
DA:8,0
DA:9,0
DA:12,0
DA:13,0
DA:14,0
DA:17,0
LF:11
LH:2
BRDA:8,0,0,0
BRDA:8,0,1,0
BRDA:12,1,0,0
BRDA:12,1,1,0
BRDA:12,2,0,0
BRDA:12,2,1,0
BRDA:19,3,0,0
BRDA:19,3,1,0
BRF:8
BRH:0
end_of_record
TN:
SF:backend/models/userModel.js
FN:26,(anonymous_0)
FN:31,(anonymous_1)
FNF:2
FNH:0
FNDA:0,(anonymous_0)
FNDA:0,(anonymous_1)
DA:4,1
DA:26,1
DA:27,0
DA:31,1
DA:32,0
DA:33,0
DA:36,0
DA:37,0
DA:40,1
LF:9
LH:4
BRDA:32,0,0,0
BRDA:32,0,1,0
BRF:2
BRH:0
end_of_record
TN:
SF:backend/routes/userRoutes.js
FNF:0
FNH:0
DA:11,1
DA:13,1
DA:14,1
DA:15,1
DA:16,1
LF:5
LH:5
BRF:0
BRH:0
end_of_record
TN:
SF:backend/utils/generateToken.js
FN:3,(anonymous_0)
FNF:1
FNH:0
FNDA:0,(anonymous_0)
DA:3,1
DA:4,0
DA:8,0
LF:3
LH:1
BRF:0
BRH:0
end_of_record
